<?xml version="1.0" encoding="UTF-8"?>
<testsuite name="com.indianstatecensusanalyzer.SateCensusAnalyzerTest" tests="1" skipped="0" failures="0" errors="0" timestamp="2021-05-17T03:44:20" hostname="HACKERNAMAN" time="0.083">
  <properties/>
  <testcase name="givenStateCodeCSVFile_WhenIncorrectCSVHeader_ShouldThrowException()" classname="com.indianstatecensusanalyzer.SateCensusAnalyzerTest" time="0.083"/>
  <system-out><![CDATA[]]></system-out>
  <system-err><![CDATA[]]></system-err>
</testsuite>
