<?xml version="1.0" encoding="UTF-8"?>
<testsuite name="com.indianstatecensusanalyzer.SateCensusAnalyzerTest" tests="1" skipped="0" failures="0" errors="0" timestamp="2021-05-17T03:39:25" hostname="HACKERNAMAN" time="0.18">
  <properties/>
  <testcase name="givenStateCodeCSVFile_ShouldReturnNumberOfRecords()" classname="com.indianstatecensusanalyzer.SateCensusAnalyzerTest" time="0.18"/>
  <system-out><![CDATA[]]></system-out>
  <system-err><![CDATA[]]></system-err>
</testsuite>
